[2021-10-06 12:30:07.074] [info] Loaded model 3DGaitModel2392 from file D:\Projects_MOCO\project_flat-foot\Opensim_Models\Gait2392\gait2392_only_left.osim
[2021-10-06 12:30:07.074] [warning] Couldn't find file 'treadmill.vtp'.
[2021-10-06 12:30:07.075] [warning] Couldn't find file 'sacrum.vtp'.
[2021-10-06 12:30:07.075] [warning] Couldn't find file 'pelvis.vtp'.
[2021-10-06 12:30:07.075] [warning] Couldn't find file 'l_pelvis.vtp'.
[2021-10-06 12:30:07.075] [warning] Couldn't find file 'femur_r.vtp'.
[2021-10-06 12:30:07.075] [warning] Couldn't find file 'tibia_r.vtp'.
[2021-10-06 12:30:07.075] [warning] Couldn't find file 'fibula.vtp'.
[2021-10-06 12:30:07.075] [warning] Couldn't find file 'talus.vtp'.
[2021-10-06 12:30:07.075] [warning] Couldn't find file 'foot.vtp'.
[2021-10-06 12:30:07.076] [warning] Couldn't find file 'bofoot.vtp'.
[2021-10-06 12:30:07.076] [warning] Couldn't find file 'femur_l.vtp'.
[2021-10-06 12:30:07.076] [warning] Couldn't find file 'tibia_l.vtp'.
[2021-10-06 12:30:07.076] [warning] Couldn't find file 'l_fibula.vtp'.
[2021-10-06 12:30:07.077] [warning] Couldn't find file 'l_talus.vtp'.
[2021-10-06 12:30:07.077] [warning] Couldn't find file 'l_foot.vtp'.
[2021-10-06 12:30:07.077] [warning] Couldn't find file 'l_bofoot.vtp'.
[2021-10-06 12:30:07.077] [warning] Couldn't find file 'hat_spine.vtp'.
[2021-10-06 12:30:07.077] [warning] Couldn't find file 'hat_jaw.vtp'.
[2021-10-06 12:30:07.077] [warning] Couldn't find file 'hat_skull.vtp'.
[2021-10-06 12:30:07.077] [warning] Couldn't find file 'hat_ribs.vtp'.
[2021-10-06 12:30:07.252] [info] Adding reserve actuators with an optimal force of 100.0...
[2021-10-06 12:30:07.323] [info] Added 23 reserve actuator(s), for each of the following coordinates:
[2021-10-06 12:30:07.323] [info]   /jointset/ground_pelvis/pelvis_tilt
[2021-10-06 12:30:07.323] [info]   /jointset/ground_pelvis/pelvis_list
[2021-10-06 12:30:07.323] [info]   /jointset/ground_pelvis/pelvis_rotation
[2021-10-06 12:30:07.323] [info]   /jointset/ground_pelvis/pelvis_tx
[2021-10-06 12:30:07.323] [info]   /jointset/ground_pelvis/pelvis_ty
[2021-10-06 12:30:07.323] [info]   /jointset/ground_pelvis/pelvis_tz
[2021-10-06 12:30:07.323] [info]   /jointset/hip_r/hip_flexion_r
[2021-10-06 12:30:07.323] [info]   /jointset/hip_r/hip_adduction_r
[2021-10-06 12:30:07.323] [info]   /jointset/hip_r/hip_rotation_r
[2021-10-06 12:30:07.323] [info]   /jointset/knee_r/knee_angle_r
[2021-10-06 12:30:07.323] [info]   /jointset/ankle_r/ankle_angle_r
[2021-10-06 12:30:07.323] [info]   /jointset/subtalar_r/subtalar_angle_r
[2021-10-06 12:30:07.323] [info]   /jointset/mtp_r/mtp_angle_r
[2021-10-06 12:30:07.323] [info]   /jointset/hip_l/hip_flexion_l
[2021-10-06 12:30:07.323] [info]   /jointset/hip_l/hip_adduction_l
[2021-10-06 12:30:07.324] [info]   /jointset/hip_l/hip_rotation_l
[2021-10-06 12:30:07.324] [info]   /jointset/knee_l/knee_angle_l
[2021-10-06 12:30:07.324] [info]   /jointset/ankle_l/ankle_angle_l
[2021-10-06 12:30:07.324] [info]   /jointset/subtalar_l/subtalar_angle_l
[2021-10-06 12:30:07.324] [info]   /jointset/mtp_l/mtp_angle_l
[2021-10-06 12:30:07.324] [info]   /jointset/back/lumbar_extension
[2021-10-06 12:30:07.324] [info]   /jointset/back/lumbar_bending
[2021-10-06 12:30:07.324] [info]   /jointset/back/lumbar_rotation
[2021-10-06 12:32:20.562] [info] Loaded model 3DGaitModel2392 from file D:\Projects_MOCO\project_flat-foot\Opensim_Models\Gait2392\gait2392_only_left.osim
[2021-10-06 12:32:20.563] [warning] Couldn't find file 'treadmill.vtp'.
[2021-10-06 12:32:20.563] [warning] Couldn't find file 'sacrum.vtp'.
[2021-10-06 12:32:20.563] [warning] Couldn't find file 'pelvis.vtp'.
[2021-10-06 12:32:20.563] [warning] Couldn't find file 'l_pelvis.vtp'.
[2021-10-06 12:32:20.563] [warning] Couldn't find file 'femur_r.vtp'.
[2021-10-06 12:32:20.563] [warning] Couldn't find file 'tibia_r.vtp'.
[2021-10-06 12:32:20.563] [warning] Couldn't find file 'fibula.vtp'.
[2021-10-06 12:32:20.563] [warning] Couldn't find file 'talus.vtp'.
[2021-10-06 12:32:20.563] [warning] Couldn't find file 'foot.vtp'.
[2021-10-06 12:32:20.564] [warning] Couldn't find file 'bofoot.vtp'.
[2021-10-06 12:32:20.564] [warning] Couldn't find file 'femur_l.vtp'.
[2021-10-06 12:32:20.564] [warning] Couldn't find file 'tibia_l.vtp'.
[2021-10-06 12:32:20.564] [warning] Couldn't find file 'l_fibula.vtp'.
[2021-10-06 12:32:20.564] [warning] Couldn't find file 'l_talus.vtp'.
[2021-10-06 12:32:20.564] [warning] Couldn't find file 'l_foot.vtp'.
[2021-10-06 12:32:20.564] [warning] Couldn't find file 'l_bofoot.vtp'.
[2021-10-06 12:32:20.564] [warning] Couldn't find file 'hat_spine.vtp'.
[2021-10-06 12:32:20.564] [warning] Couldn't find file 'hat_jaw.vtp'.
[2021-10-06 12:32:20.564] [warning] Couldn't find file 'hat_skull.vtp'.
[2021-10-06 12:32:20.564] [warning] Couldn't find file 'hat_ribs.vtp'.
[2021-10-06 12:32:20.746] [info] Adding reserve actuators with an optimal force of 100.0...
[2021-10-06 12:32:20.826] [info] Added 23 reserve actuator(s), for each of the following coordinates:
[2021-10-06 12:32:20.826] [info]   /jointset/ground_pelvis/pelvis_tilt
[2021-10-06 12:32:20.826] [info]   /jointset/ground_pelvis/pelvis_list
[2021-10-06 12:32:20.826] [info]   /jointset/ground_pelvis/pelvis_rotation
[2021-10-06 12:32:20.826] [info]   /jointset/ground_pelvis/pelvis_tx
[2021-10-06 12:32:20.826] [info]   /jointset/ground_pelvis/pelvis_ty
[2021-10-06 12:32:20.826] [info]   /jointset/ground_pelvis/pelvis_tz
[2021-10-06 12:32:20.826] [info]   /jointset/hip_r/hip_flexion_r
[2021-10-06 12:32:20.826] [info]   /jointset/hip_r/hip_adduction_r
[2021-10-06 12:32:20.826] [info]   /jointset/hip_r/hip_rotation_r
[2021-10-06 12:32:20.827] [info]   /jointset/knee_r/knee_angle_r
[2021-10-06 12:32:20.827] [info]   /jointset/ankle_r/ankle_angle_r
[2021-10-06 12:32:20.827] [info]   /jointset/subtalar_r/subtalar_angle_r
[2021-10-06 12:32:20.827] [info]   /jointset/mtp_r/mtp_angle_r
[2021-10-06 12:32:20.827] [info]   /jointset/hip_l/hip_flexion_l
[2021-10-06 12:32:20.827] [info]   /jointset/hip_l/hip_adduction_l
[2021-10-06 12:32:20.827] [info]   /jointset/hip_l/hip_rotation_l
[2021-10-06 12:32:20.827] [info]   /jointset/knee_l/knee_angle_l
[2021-10-06 12:32:20.827] [info]   /jointset/ankle_l/ankle_angle_l
[2021-10-06 12:32:20.827] [info]   /jointset/subtalar_l/subtalar_angle_l
[2021-10-06 12:32:20.827] [info]   /jointset/mtp_l/mtp_angle_l
[2021-10-06 12:32:20.827] [info]   /jointset/back/lumbar_extension
[2021-10-06 12:32:20.827] [info]   /jointset/back/lumbar_bending
[2021-10-06 12:32:20.827] [info]   /jointset/back/lumbar_rotation
[2021-10-06 12:32:21.123] [info] ========================================================================
[2021-10-06 12:32:21.123] [info] MocoCasADiSolver starting.
[2021-10-06 12:32:21.124] [info] Wed Oct  6 12:32:21 2021
[2021-10-06 12:32:21.124] [info] ------------------------------------------------------------------------
[2021-10-06 12:32:21.124] [cout] [info] Costs: (total: 1)
[2021-10-06 12:32:21.124] [cout] [info]   effort. MocoControlGoal, enabled: true, mode: cost, weight: 0.00100000
[2021-10-06 12:32:21.124] [cout] [info]         control: /forceset/glut_med1_l, weight: 1.0
[2021-10-06 12:32:21.124] [cout] [info]         control: /forceset/glut_med2_l, weight: 1.0
[2021-10-06 12:32:21.124] [cout] [info]         control: /forceset/glut_med3_l, weight: 1.0
[2021-10-06 12:32:21.124] [cout] [info]         control: /forceset/glut_min1_l, weight: 1.0
[2021-10-06 12:32:21.124] [cout] [info]         control: /forceset/glut_min2_l, weight: 1.0
[2021-10-06 12:32:21.124] [cout] [info]         control: /forceset/glut_min3_l, weight: 1.0
[2021-10-06 12:32:21.124] [cout] [info]         control: /forceset/semimem_l, weight: 1.0
[2021-10-06 12:32:21.124] [cout] [info]         control: /forceset/semiten_l, weight: 1.0
[2021-10-06 12:32:21.124] [cout] [info]         control: /forceset/bifemlh_l, weight: 1.0
[2021-10-06 12:32:21.124] [cout] [info]         control: /forceset/bifemsh_l, weight: 1.0
[2021-10-06 12:32:21.124] [cout] [info]         control: /forceset/sar_l, weight: 1.0
[2021-10-06 12:32:21.124] [cout] [info]         control: /forceset/add_long_l, weight: 1.0
[2021-10-06 12:32:21.124] [cout] [info]         control: /forceset/add_brev_l, weight: 1.0
[2021-10-06 12:32:21.124] [cout] [info]         control: /forceset/add_mag1_l, weight: 1.0
[2021-10-06 12:32:21.124] [cout] [info]         control: /forceset/add_mag2_l, weight: 1.0
[2021-10-06 12:32:21.124] [cout] [info]         control: /forceset/add_mag3_l, weight: 1.0
[2021-10-06 12:32:21.124] [cout] [info]         control: /forceset/tfl_l, weight: 1.0
[2021-10-06 12:32:21.124] [cout] [info]         control: /forceset/pect_l, weight: 1.0
[2021-10-06 12:32:21.124] [cout] [info]         control: /forceset/grac_l, weight: 1.0
[2021-10-06 12:32:21.124] [cout] [info]         control: /forceset/glut_max1_l, weight: 1.0
[2021-10-06 12:32:21.124] [cout] [info]         control: /forceset/glut_max2_l, weight: 1.0
[2021-10-06 12:32:21.124] [cout] [info]         control: /forceset/glut_max3_l, weight: 1.0
[2021-10-06 12:32:21.124] [cout] [info]         control: /forceset/iliacus_l, weight: 1.0
[2021-10-06 12:32:21.124] [cout] [info]         control: /forceset/psoas_l, weight: 1.0
[2021-10-06 12:32:21.124] [cout] [info]         control: /forceset/quad_fem_l, weight: 1.0
[2021-10-06 12:32:21.124] [cout] [info]         control: /forceset/gem_l, weight: 1.0
[2021-10-06 12:32:21.124] [cout] [info]         control: /forceset/peri_l, weight: 1.0
[2021-10-06 12:32:21.124] [cout] [info]         control: /forceset/rect_fem_l, weight: 1.0
[2021-10-06 12:32:21.124] [cout] [info]         control: /forceset/vas_med_l, weight: 1.0
[2021-10-06 12:32:21.124] [cout] [info]         control: /forceset/vas_int_l, weight: 1.0
[2021-10-06 12:32:21.124] [cout] [info]         control: /forceset/vas_lat_l, weight: 1.0
[2021-10-06 12:32:21.124] [cout] [info]         control: /forceset/med_gas_l, weight: 1.0
[2021-10-06 12:32:21.124] [cout] [info]         control: /forceset/lat_gas_l, weight: 1.0
[2021-10-06 12:32:21.124] [cout] [info]         control: /forceset/soleus_l, weight: 1.0
[2021-10-06 12:32:21.124] [cout] [info]         control: /forceset/tib_post_l, weight: 1.0
[2021-10-06 12:32:21.124] [cout] [info]         control: /forceset/flex_dig_l, weight: 1.0
[2021-10-06 12:32:21.124] [cout] [info]         control: /forceset/flex_hal_l, weight: 1.0
[2021-10-06 12:32:21.124] [cout] [info]         control: /forceset/tib_ant_l, weight: 1.0
[2021-10-06 12:32:21.124] [cout] [info]         control: /forceset/per_brev_l, weight: 1.0
[2021-10-06 12:32:21.124] [cout] [info]         control: /forceset/per_long_l, weight: 1.0
[2021-10-06 12:32:21.124] [cout] [info]         control: /forceset/per_tert_l, weight: 1.0
[2021-10-06 12:32:21.124] [cout] [info]         control: /forceset/ext_dig_l, weight: 1.0
[2021-10-06 12:32:21.124] [cout] [info]         control: /forceset/ext_hal_l, weight: 1.0
[2021-10-06 12:32:21.124] [cout] [info]         control: /forceset/ercspn_r, weight: 1.0
[2021-10-06 12:32:21.124] [cout] [info]         control: /forceset/ercspn_l, weight: 1.0
[2021-10-06 12:32:21.124] [cout] [info]         control: /forceset/intobl_r, weight: 1.0
[2021-10-06 12:32:21.124] [cout] [info]         control: /forceset/intobl_l, weight: 1.0
[2021-10-06 12:32:21.124] [cout] [info]         control: /forceset/extobl_r, weight: 1.0
[2021-10-06 12:32:21.124] [cout] [info]         control: /forceset/extobl_l, weight: 1.0
[2021-10-06 12:32:21.124] [cout] [info]         control: /forceset/reserve_jointset_ground_pelvis_pelvis_tilt, weight: 1.0
[2021-10-06 12:32:21.124] [cout] [info]         control: /forceset/reserve_jointset_ground_pelvis_pelvis_list, weight: 1.0
[2021-10-06 12:32:21.124] [cout] [info]         control: /forceset/reserve_jointset_ground_pelvis_pelvis_rotation, weight: 1.0
[2021-10-06 12:32:21.124] [cout] [info]         control: /forceset/reserve_jointset_ground_pelvis_pelvis_tx, weight: 1.0
[2021-10-06 12:32:21.124] [cout] [info]         control: /forceset/reserve_jointset_ground_pelvis_pelvis_ty, weight: 1.0
[2021-10-06 12:32:21.124] [cout] [info]         control: /forceset/reserve_jointset_ground_pelvis_pelvis_tz, weight: 1.0
[2021-10-06 12:32:21.124] [cout] [info]         control: /forceset/reserve_jointset_hip_r_hip_flexion_r, weight: 1.0
[2021-10-06 12:32:21.124] [cout] [info]         control: /forceset/reserve_jointset_hip_r_hip_adduction_r, weight: 1.0
[2021-10-06 12:32:21.124] [cout] [info]         control: /forceset/reserve_jointset_hip_r_hip_rotation_r, weight: 1.0
[2021-10-06 12:32:21.124] [cout] [info]         control: /forceset/reserve_jointset_knee_r_knee_angle_r, weight: 1.0
[2021-10-06 12:32:21.124] [cout] [info]         control: /forceset/reserve_jointset_ankle_r_ankle_angle_r, weight: 1.0
[2021-10-06 12:32:21.124] [cout] [info]         control: /forceset/reserve_jointset_subtalar_r_subtalar_angle_r, weight: 1.0
[2021-10-06 12:32:21.124] [cout] [info]         control: /forceset/reserve_jointset_mtp_r_mtp_angle_r, weight: 1.0
[2021-10-06 12:32:21.124] [cout] [info]         control: /forceset/reserve_jointset_hip_l_hip_flexion_l, weight: 1.0
[2021-10-06 12:32:21.124] [cout] [info]         control: /forceset/reserve_jointset_hip_l_hip_adduction_l, weight: 1.0
[2021-10-06 12:32:21.125] [cout] [info]         control: /forceset/reserve_jointset_hip_l_hip_rotation_l, weight: 1.0
[2021-10-06 12:32:21.125] [cout] [info]         control: /forceset/reserve_jointset_knee_l_knee_angle_l, weight: 1.0
[2021-10-06 12:32:21.133] [cout] [info]         control: /forceset/reserve_jointset_ankle_l_ankle_angle_l, weight: 1.0
[2021-10-06 12:32:21.133] [cout] [info]         control: /forceset/reserve_jointset_subtalar_l_subtalar_angle_l, weight: 1.0
[2021-10-06 12:32:21.133] [cout] [info]         control: /forceset/reserve_jointset_mtp_l_mtp_angle_l, weight: 1.0
[2021-10-06 12:32:21.133] [cout] [info]         control: /forceset/reserve_jointset_back_lumbar_extension, weight: 1.0
[2021-10-06 12:32:21.133] [cout] [info]         control: /forceset/reserve_jointset_back_lumbar_bending, weight: 1.0
[2021-10-06 12:32:21.133] [cout] [info]         control: /forceset/reserve_jointset_back_lumbar_rotation, weight: 1.0
[2021-10-06 12:32:21.133] [cout] [info] Endpoint constraints: none
[2021-10-06 12:32:21.133] [cout] [info] Kinematic constraints: none
[2021-10-06 12:32:21.133] [cout] [info] Path constraints: none
[2021-10-06 12:32:21.133] [cout] [info] States: (total: 95)
[2021-10-06 12:32:21.133] [cout] [info]   /jointset/ground_pelvis/pelvis_tilt/speed. bounds: [-50, 50] initial: 0 final: 0
[2021-10-06 12:32:21.133] [cout] [info]   /jointset/ground_pelvis/pelvis_list/speed. bounds: [-50, 50] initial: 0 final: 0
[2021-10-06 12:32:21.133] [cout] [info]   /jointset/ground_pelvis/pelvis_rotation/speed. bounds: [-50, 50] initial: 0 final: 0
[2021-10-06 12:32:21.133] [cout] [info]   /jointset/ground_pelvis/pelvis_tx/speed. bounds: [-50, 50] initial: 0 final: 0
[2021-10-06 12:32:21.133] [cout] [info]   /jointset/ground_pelvis/pelvis_ty/speed. bounds: [-50, 50] initial: 0 final: 0
[2021-10-06 12:32:21.133] [cout] [info]   /jointset/ground_pelvis/pelvis_tz/speed. bounds: [-50, 50] initial: 0 final: 0
[2021-10-06 12:32:21.133] [cout] [info]   /jointset/ankle_r/ankle_angle_r/speed. bounds: [-50, 50] initial: 0 final: 0
[2021-10-06 12:32:21.133] [cout] [info]   /jointset/hip_r/hip_flexion_r/speed. bounds: [-50, 50] initial: 0 final: 0
[2021-10-06 12:32:21.133] [cout] [info]   /jointset/ankle_r/ankle_angle_r/value. bounds: [-0.01, 0.01] initial: 0
[2021-10-06 12:32:21.133] [cout] [info]   /jointset/hip_r/hip_flexion_r/value. bounds: [0.51, 0.53] initial: 0.523
[2021-10-06 12:32:21.133] [cout] [info]   /jointset/hip_r/hip_adduction_r/speed. bounds: [-50, 50] initial: 0 final: 0
[2021-10-06 12:32:21.133] [cout] [info]   /jointset/hip_r/hip_rotation_r/speed. bounds: [-50, 50] initial: 0 final: 0
[2021-10-06 12:32:21.133] [cout] [info]   /jointset/ankle_l/ankle_angle_l/value. bounds: [-0.6, 0.0872665] initial: -0.6 final: 0.0872665
[2021-10-06 12:32:21.133] [cout] [info]   /jointset/knee_r/knee_angle_r/speed. bounds: [-50, 50] initial: 0 final: 0
[2021-10-06 12:32:21.133] [cout] [info]   /jointset/hip_l/hip_flexion_l/speed. bounds: [-50, 50] initial: 0 final: 0
[2021-10-06 12:32:21.133] [cout] [info]   /jointset/subtalar_r/subtalar_angle_r/speed. bounds: [-50, 50] initial: 0 final: 0
[2021-10-06 12:32:21.133] [cout] [info]   /jointset/mtp_r/mtp_angle_r/speed. bounds: [-50, 50] initial: 0 final: 0
[2021-10-06 12:32:21.133] [cout] [info]   /jointset/hip_l/hip_adduction_l/speed. bounds: [-50, 50] initial: 0 final: 0
[2021-10-06 12:32:21.133] [cout] [info]   /jointset/hip_l/hip_rotation_l/speed. bounds: [-50, 50] initial: 0 final: 0
[2021-10-06 12:32:21.133] [cout] [info]   /jointset/knee_l/knee_angle_l/speed. bounds: [-50, 50] initial: 0 final: 0
[2021-10-06 12:32:21.133] [cout] [info]   /jointset/ankle_l/ankle_angle_l/speed. bounds: [-50, 50] initial: 0 final: 0
[2021-10-06 12:32:21.133] [cout] [info]   /jointset/subtalar_l/subtalar_angle_l/speed. bounds: [-50, 50] initial: 0 final: 0
[2021-10-06 12:32:21.133] [cout] [info]   /jointset/knee_r/knee_angle_r/value. bounds: [-2.11185, -2.07694] initial: -2.0944
[2021-10-06 12:32:21.133] [cout] [info]   /jointset/mtp_l/mtp_angle_l/speed. bounds: [-50, 50] initial: 0 final: 0
[2021-10-06 12:32:21.133] [cout] [info]   /jointset/back/lumbar_extension/speed. bounds: [-50, 50] initial: 0 final: 0
[2021-10-06 12:32:21.133] [cout] [info]   /jointset/back/lumbar_bending/speed. bounds: [-50, 50] initial: 0 final: 0
[2021-10-06 12:32:21.133] [cout] [info]   /jointset/hip_r/hip_rotation_r/value. bounds: [-0.000174533, 0.000174533] initial: 0
[2021-10-06 12:32:21.134] [cout] [info]   /jointset/back/lumbar_rotation/speed. bounds: [-50, 50] initial: 0 final: 0
[2021-10-06 12:32:21.134] [cout] [info]   /forceset/glut_med1_l/activation. bounds: [0, 1] initial: 0
[2021-10-06 12:32:21.134] [cout] [info]   /forceset/glut_med2_l/activation. bounds: [0, 1] initial: 0
[2021-10-06 12:32:21.134] [cout] [info]   /forceset/glut_med3_l/activation. bounds: [0, 1] initial: 0
[2021-10-06 12:32:21.134] [cout] [info]   /forceset/glut_min1_l/activation. bounds: [0, 1] initial: 0
[2021-10-06 12:32:21.134] [cout] [info]   /forceset/glut_min2_l/activation. bounds: [0, 1] initial: 0
[2021-10-06 12:32:21.134] [cout] [info]   /forceset/glut_min3_l/activation. bounds: [0, 1] initial: 0
[2021-10-06 12:32:21.134] [cout] [info]   /forceset/semimem_l/activation. bounds: [0, 1] initial: 0
[2021-10-06 12:32:21.134] [cout] [info]   /forceset/semiten_l/activation. bounds: [0, 1] initial: 0
[2021-10-06 12:32:21.134] [cout] [info]   /forceset/bifemlh_l/activation. bounds: [0, 1] initial: 0
[2021-10-06 12:32:21.134] [cout] [info]   /forceset/bifemsh_l/activation. bounds: [0, 1] initial: 0
[2021-10-06 12:32:21.134] [cout] [info]   /forceset/sar_l/activation. bounds: [0, 1] initial: 0
[2021-10-06 12:32:21.134] [cout] [info]   /forceset/add_long_l/activation. bounds: [0, 1] initial: 0
[2021-10-06 12:32:21.134] [cout] [info]   /forceset/add_brev_l/activation. bounds: [0, 1] initial: 0
[2021-10-06 12:32:21.134] [cout] [info]   /forceset/add_mag1_l/activation. bounds: [0, 1] initial: 0
[2021-10-06 12:32:21.134] [cout] [info]   /forceset/add_mag2_l/activation. bounds: [0, 1] initial: 0
[2021-10-06 12:32:21.134] [cout] [info]   /forceset/add_mag3_l/activation. bounds: [0, 1] initial: 0
[2021-10-06 12:32:21.134] [cout] [info]   /forceset/tfl_l/activation. bounds: [0, 1] initial: 0
[2021-10-06 12:32:21.134] [cout] [info]   /forceset/pect_l/activation. bounds: [0, 1] initial: 0
[2021-10-06 12:32:21.134] [cout] [info]   /forceset/grac_l/activation. bounds: [0, 1] initial: 0
[2021-10-06 12:32:21.134] [cout] [info]   /forceset/intobl_r/activation. bounds: [0, 1] initial: 0
[2021-10-06 12:32:21.134] [cout] [info]   /forceset/glut_max1_l/activation. bounds: [0, 1] initial: 0
[2021-10-06 12:32:21.134] [cout] [info]   /forceset/glut_max2_l/activation. bounds: [0, 1] initial: 0
[2021-10-06 12:32:21.134] [cout] [info]   /forceset/glut_max3_l/activation. bounds: [0, 1] initial: 0
[2021-10-06 12:32:21.134] [cout] [info]   /forceset/iliacus_l/activation. bounds: [0, 1] initial: 0
[2021-10-06 12:32:21.134] [cout] [info]   /forceset/psoas_l/activation. bounds: [0, 1] initial: 0
[2021-10-06 12:32:21.134] [cout] [info]   /forceset/quad_fem_l/activation. bounds: [0, 1] initial: 0
[2021-10-06 12:32:21.134] [cout] [info]   /forceset/gem_l/activation. bounds: [0, 1] initial: 0
[2021-10-06 12:32:21.134] [cout] [info]   /forceset/peri_l/activation. bounds: [0, 1] initial: 0
[2021-10-06 12:32:21.134] [cout] [info]   /forceset/rect_fem_l/activation. bounds: [0, 1] initial: 0
[2021-10-06 12:32:21.134] [cout] [info]   /forceset/vas_med_l/activation. bounds: [0, 1] initial: 0
[2021-10-06 12:32:21.134] [cout] [info]   /forceset/vas_int_l/activation. bounds: [0, 1] initial: 0
[2021-10-06 12:32:21.134] [cout] [info]   /forceset/vas_lat_l/activation. bounds: [0, 1] initial: 0
[2021-10-06 12:32:21.134] [cout] [info]   /forceset/med_gas_l/activation. bounds: [0, 1] initial: 0
[2021-10-06 12:32:21.134] [cout] [info]   /forceset/lat_gas_l/activation. bounds: [0, 1] initial: 0
[2021-10-06 12:32:21.134] [cout] [info]   /forceset/soleus_l/activation. bounds: [0, 1] initial: 0
[2021-10-06 12:32:21.134] [cout] [info]   /forceset/tib_post_l/activation. bounds: [0, 1] initial: 0
[2021-10-06 12:32:21.134] [cout] [info]   /forceset/flex_dig_l/activation. bounds: [0, 1] initial: 0
[2021-10-06 12:32:21.134] [cout] [info]   /forceset/flex_hal_l/activation. bounds: [0, 1] initial: 0
[2021-10-06 12:32:21.134] [cout] [info]   /forceset/tib_ant_l/activation. bounds: [0, 1] initial: 0
[2021-10-06 12:32:21.134] [cout] [info]   /forceset/per_brev_l/activation. bounds: [0, 1] initial: 0
[2021-10-06 12:32:21.134] [cout] [info]   /forceset/per_long_l/activation. bounds: [0, 1] initial: 0
[2021-10-06 12:32:21.134] [cout] [info]   /forceset/per_tert_l/activation. bounds: [0, 1] initial: 0
[2021-10-06 12:32:21.135] [cout] [info]   /forceset/ext_dig_l/activation. bounds: [0, 1] initial: 0
[2021-10-06 12:32:21.135] [cout] [info]   /forceset/ext_hal_l/activation. bounds: [0, 1] initial: 0
[2021-10-06 12:32:21.135] [cout] [info]   /forceset/ercspn_r/activation. bounds: [0, 1] initial: 0
[2021-10-06 12:32:21.135] [cout] [info]   /forceset/ercspn_l/activation. bounds: [0, 1] initial: 0
[2021-10-06 12:32:21.135] [cout] [info]   /forceset/intobl_l/activation. bounds: [0, 1] initial: 0
[2021-10-06 12:32:21.135] [cout] [info]   /forceset/extobl_r/activation. bounds: [0, 1] initial: 0
[2021-10-06 12:32:21.135] [cout] [info]   /forceset/extobl_l/activation. bounds: [0, 1] initial: 0
[2021-10-06 12:32:21.135] [cout] [info]   /jointset/back/lumbar_extension/value. bounds: [-0.01, 0.01] initial: 0
[2021-10-06 12:32:21.135] [cout] [info]   /jointset/back/lumbar_bending/value. bounds: [-0.01, 0.01] initial: 0
[2021-10-06 12:32:21.149] [cout] [info]   /jointset/back/lumbar_rotation/value. bounds: [-0.01, 0.01] initial: 0
[2021-10-06 12:32:21.149] [cout] [info]   /jointset/ground_pelvis/pelvis_ty/value. bounds: [0.7, 1.25] initial: 1.25 final: [0.94, 0.95]
[2021-10-06 12:32:21.149] [cout] [info]   /jointset/ground_pelvis/pelvis_tx/value. bounds: [-0.01, 0.01]
[2021-10-06 12:32:21.149] [cout] [info]   /jointset/ground_pelvis/pelvis_tilt/value. bounds: [-0.01, 0.01]
[2021-10-06 12:32:21.149] [cout] [info]   /jointset/ground_pelvis/pelvis_list/value. bounds: [-0.01, 0.01] initial: 0
[2021-10-06 12:32:21.149] [cout] [info]   /jointset/ground_pelvis/pelvis_tz/value. bounds: [-0.01, 0.01] initial: 0
[2021-10-06 12:32:21.149] [cout] [info]   /jointset/ground_pelvis/pelvis_rotation/value. bounds: [-0.01, 0.01] initial: 0
[2021-10-06 12:32:21.149] [cout] [info]   /jointset/hip_r/hip_adduction_r/value. bounds: [-0.000174533, 0.000174533] initial: 0
[2021-10-06 12:32:21.149] [cout] [info]   /jointset/hip_l/hip_flexion_l/value. bounds: [0.08, 0.0872665] initial: 0.087 final: 0.0872665
[2021-10-06 12:32:21.149] [cout] [info]   /jointset/subtalar_r/subtalar_angle_r/value. bounds: [-0.01, 0.01] initial: 0
[2021-10-06 12:32:21.149] [cout] [info]   /jointset/mtp_r/mtp_angle_r/value. bounds: [-0.01, 0.01]
[2021-10-06 12:32:21.149] [cout] [info]   /jointset/knee_l/knee_angle_l/value. bounds: [-0.2, -0.15] initial: -0.2 final: -0.174533
[2021-10-06 12:32:21.149] [cout] [info]   /jointset/hip_l/hip_adduction_l/value. bounds: [-0.000174533, 0.000174533] initial: 0
[2021-10-06 12:32:21.149] [cout] [info]   /jointset/hip_l/hip_rotation_l/value. bounds: [-0.000174533, 0.000174533] initial: 0
[2021-10-06 12:32:21.149] [cout] [info]   /jointset/subtalar_l/subtalar_angle_l/value. bounds: [-0.05, 0.05]
[2021-10-06 12:32:21.149] [cout] [info]   /jointset/mtp_l/mtp_angle_l/value. bounds: [-0.1, 0.1]
[2021-10-06 12:32:21.149] [cout] [info] Controls: (total: 72)
[2021-10-06 12:32:21.149] [cout] [info]   /forceset/glut_med1_l. bounds: [0.01, 1]
[2021-10-06 12:32:21.149] [cout] [info]   /forceset/glut_med2_l. bounds: [0.01, 1]
[2021-10-06 12:32:21.149] [cout] [info]   /forceset/glut_med3_l. bounds: [0.01, 1]
[2021-10-06 12:32:21.149] [cout] [info]   /forceset/glut_min1_l. bounds: [0.01, 1]
[2021-10-06 12:32:21.149] [cout] [info]   /forceset/glut_min2_l. bounds: [0.01, 1]
[2021-10-06 12:32:21.149] [cout] [info]   /forceset/glut_min3_l. bounds: [0.01, 1]
[2021-10-06 12:32:21.149] [cout] [info]   /forceset/semimem_l. bounds: [0.01, 1]
[2021-10-06 12:32:21.149] [cout] [info]   /forceset/semiten_l. bounds: [0.01, 1]
[2021-10-06 12:32:21.149] [cout] [info]   /forceset/bifemlh_l. bounds: [0.01, 1]
[2021-10-06 12:32:21.149] [cout] [info]   /forceset/bifemsh_l. bounds: [0.01, 1]
[2021-10-06 12:32:21.149] [cout] [info]   /forceset/sar_l. bounds: [0.01, 1]
[2021-10-06 12:32:21.149] [cout] [info]   /forceset/reserve_jointset_mtp_l_mtp_angle_l. bounds: [-inf, inf]
[2021-10-06 12:32:21.149] [cout] [info]   /forceset/add_long_l. bounds: [0.01, 1]
[2021-10-06 12:32:21.149] [cout] [info]   /forceset/add_brev_l. bounds: [0.01, 1]
[2021-10-06 12:32:21.149] [cout] [info]   /forceset/add_mag1_l. bounds: [0.01, 1]
[2021-10-06 12:32:21.149] [cout] [info]   /forceset/add_mag2_l. bounds: [0.01, 1]
[2021-10-06 12:32:21.149] [cout] [info]   /forceset/reserve_jointset_hip_r_hip_adduction_r. bounds: [-inf, inf]
[2021-10-06 12:32:21.149] [cout] [info]   /forceset/add_mag3_l. bounds: [0.01, 1]
[2021-10-06 12:32:21.150] [cout] [info]   /forceset/tfl_l. bounds: [0.01, 1]
[2021-10-06 12:32:21.150] [cout] [info]   /forceset/pect_l. bounds: [0.01, 1]
[2021-10-06 12:32:21.150] [cout] [info]   /forceset/grac_l. bounds: [0.01, 1]
[2021-10-06 12:32:21.150] [cout] [info]   /forceset/intobl_r. bounds: [0.01, 1]
[2021-10-06 12:32:21.150] [cout] [info]   /forceset/glut_max1_l. bounds: [0.01, 1]
[2021-10-06 12:32:21.150] [cout] [info]   /forceset/glut_max2_l. bounds: [0.01, 1]
[2021-10-06 12:32:21.150] [cout] [info]   /forceset/glut_max3_l. bounds: [0.01, 1]
[2021-10-06 12:32:21.150] [cout] [info]   /forceset/iliacus_l. bounds: [0.01, 1]
[2021-10-06 12:32:21.150] [cout] [info]   /forceset/psoas_l. bounds: [0.01, 1]
[2021-10-06 12:32:21.150] [cout] [info]   /forceset/quad_fem_l. bounds: [0.01, 1]
[2021-10-06 12:32:21.150] [cout] [info]   /forceset/gem_l. bounds: [0.01, 1]
[2021-10-06 12:32:21.150] [cout] [info]   /forceset/peri_l. bounds: [0.01, 1]
[2021-10-06 12:32:21.150] [cout] [info]   /forceset/rect_fem_l. bounds: [0.01, 1]
[2021-10-06 12:32:21.150] [cout] [info]   /forceset/vas_med_l. bounds: [0.01, 1]
[2021-10-06 12:32:21.150] [cout] [info]   /forceset/vas_int_l. bounds: [0.01, 1]
[2021-10-06 12:32:21.150] [cout] [info]   /forceset/vas_lat_l. bounds: [0.01, 1]
[2021-10-06 12:32:21.150] [cout] [info]   /forceset/med_gas_l. bounds: [0.01, 1]
[2021-10-06 12:32:21.150] [cout] [info]   /forceset/lat_gas_l. bounds: [0.01, 1]
[2021-10-06 12:32:21.150] [cout] [info]   /forceset/soleus_l. bounds: [0.01, 1]
[2021-10-06 12:32:21.150] [cout] [info]   /forceset/tib_post_l. bounds: [0.01, 1]
[2021-10-06 12:32:21.150] [cout] [info]   /forceset/flex_dig_l. bounds: [0.01, 1]
[2021-10-06 12:32:21.150] [cout] [info]   /forceset/flex_hal_l. bounds: [0.01, 1]
[2021-10-06 12:32:21.150] [cout] [info]   /forceset/tib_ant_l. bounds: [0.01, 1]
[2021-10-06 12:32:21.150] [cout] [info]   /forceset/per_brev_l. bounds: [0.01, 1]
[2021-10-06 12:32:21.150] [cout] [info]   /forceset/per_long_l. bounds: [0.01, 1]
[2021-10-06 12:32:21.150] [cout] [info]   /forceset/per_tert_l. bounds: [0.01, 1]
[2021-10-06 12:32:21.150] [cout] [info]   /forceset/ext_dig_l. bounds: [0.01, 1]
[2021-10-06 12:32:21.150] [cout] [info]   /forceset/ext_hal_l. bounds: [0.01, 1]
[2021-10-06 12:32:21.150] [cout] [info]   /forceset/ercspn_r. bounds: [0.01, 1]
[2021-10-06 12:32:21.150] [cout] [info]   /forceset/ercspn_l. bounds: [0.01, 1]
[2021-10-06 12:32:21.150] [cout] [info]   /forceset/intobl_l. bounds: [0.01, 1]
[2021-10-06 12:32:21.150] [cout] [info]   /forceset/extobl_r. bounds: [0.01, 1]
[2021-10-06 12:32:21.150] [cout] [info]   /forceset/extobl_l. bounds: [0.01, 1]
[2021-10-06 12:32:21.150] [cout] [info]   /forceset/reserve_jointset_ground_pelvis_pelvis_tilt. bounds: [-inf, inf]
[2021-10-06 12:32:21.150] [cout] [info]   /forceset/reserve_jointset_ground_pelvis_pelvis_list. bounds: [-inf, inf]
[2021-10-06 12:32:21.150] [cout] [info]   /forceset/reserve_jointset_ground_pelvis_pelvis_rotation. bounds: [-inf, inf]
[2021-10-06 12:32:21.150] [cout] [info]   /forceset/reserve_jointset_ground_pelvis_pelvis_tx. bounds: [-inf, inf]
[2021-10-06 12:32:21.150] [cout] [info]   /forceset/reserve_jointset_hip_r_hip_flexion_r. bounds: [-inf, inf]
[2021-10-06 12:32:21.150] [cout] [info]   /forceset/reserve_jointset_ground_pelvis_pelvis_ty. bounds: [-inf, inf]
[2021-10-06 12:32:21.150] [cout] [info]   /forceset/reserve_jointset_ground_pelvis_pelvis_tz. bounds: [-inf, inf]
[2021-10-06 12:32:21.150] [cout] [info]   /forceset/reserve_jointset_hip_r_hip_rotation_r. bounds: [-inf, inf]
[2021-10-06 12:32:21.150] [cout] [info]   /forceset/reserve_jointset_knee_r_knee_angle_r. bounds: [-inf, inf]
[2021-10-06 12:32:21.150] [cout] [info]   /forceset/reserve_jointset_ankle_r_ankle_angle_r. bounds: [-inf, inf]
[2021-10-06 12:32:21.150] [cout] [info]   /forceset/reserve_jointset_subtalar_r_subtalar_angle_r. bounds: [-inf, inf]
[2021-10-06 12:32:21.150] [cout] [info]   /forceset/reserve_jointset_mtp_r_mtp_angle_r. bounds: [-inf, inf]
[2021-10-06 12:32:21.150] [cout] [info]   /forceset/reserve_jointset_hip_l_hip_flexion_l. bounds: [-inf, inf]
[2021-10-06 12:32:21.150] [cout] [info]   /forceset/reserve_jointset_hip_l_hip_adduction_l. bounds: [-inf, inf]
[2021-10-06 12:32:21.150] [cout] [info]   /forceset/reserve_jointset_hip_l_hip_rotation_l. bounds: [-inf, inf]
[2021-10-06 12:32:21.150] [cout] [info]   /forceset/reserve_jointset_knee_l_knee_angle_l. bounds: [-inf, inf]
[2021-10-06 12:32:21.150] [cout] [info]   /forceset/reserve_jointset_ankle_l_ankle_angle_l. bounds: [-inf, inf]
[2021-10-06 12:32:21.150] [cout] [info]   /forceset/reserve_jointset_subtalar_l_subtalar_angle_l. bounds: [-inf, inf]
[2021-10-06 12:32:21.150] [cout] [info]   /forceset/reserve_jointset_back_lumbar_extension. bounds: [-inf, inf]
[2021-10-06 12:32:21.151] [cout] [info]   /forceset/reserve_jointset_back_lumbar_bending. bounds: [-inf, inf]
[2021-10-06 12:32:21.151] [cout] [info]   /forceset/reserve_jointset_back_lumbar_rotation. bounds: [-inf, inf]
[2021-10-06 12:32:21.151] [cout] [info] Parameters: none
[2021-10-06 12:32:21.637] [info] Number of threads: 8
[2021-10-06 12:33:50.373] [info] Loaded model 3DGaitModel2392 from file D:\Projects_MOCO\project_flat-foot\Opensim_Models\Gait2392\gait2392_only_left.osim
[2021-10-06 12:33:50.373] [warning] Couldn't find file 'treadmill.vtp'.
[2021-10-06 12:33:50.373] [warning] Couldn't find file 'sacrum.vtp'.
[2021-10-06 12:33:50.373] [warning] Couldn't find file 'pelvis.vtp'.
[2021-10-06 12:33:50.374] [warning] Couldn't find file 'l_pelvis.vtp'.
[2021-10-06 12:33:50.374] [warning] Couldn't find file 'femur_r.vtp'.
[2021-10-06 12:33:50.374] [warning] Couldn't find file 'tibia_r.vtp'.
[2021-10-06 12:33:50.374] [warning] Couldn't find file 'fibula.vtp'.
[2021-10-06 12:33:50.374] [warning] Couldn't find file 'talus.vtp'.
[2021-10-06 12:33:50.374] [warning] Couldn't find file 'foot.vtp'.
[2021-10-06 12:33:50.374] [warning] Couldn't find file 'bofoot.vtp'.
[2021-10-06 12:33:50.374] [warning] Couldn't find file 'femur_l.vtp'.
[2021-10-06 12:33:50.374] [warning] Couldn't find file 'tibia_l.vtp'.
[2021-10-06 12:33:50.375] [warning] Couldn't find file 'l_fibula.vtp'.
[2021-10-06 12:33:50.375] [warning] Couldn't find file 'l_talus.vtp'.
[2021-10-06 12:33:50.375] [warning] Couldn't find file 'l_foot.vtp'.
[2021-10-06 12:33:50.375] [warning] Couldn't find file 'l_bofoot.vtp'.
[2021-10-06 12:33:50.375] [warning] Couldn't find file 'hat_spine.vtp'.
[2021-10-06 12:33:50.375] [warning] Couldn't find file 'hat_jaw.vtp'.
[2021-10-06 12:33:50.375] [warning] Couldn't find file 'hat_skull.vtp'.
[2021-10-06 12:33:50.375] [warning] Couldn't find file 'hat_ribs.vtp'.
[2021-10-06 12:33:50.680] [info] Adding reserve actuators with an optimal force of 100.0...
[2021-10-06 12:33:50.753] [info] Added 23 reserve actuator(s), for each of the following coordinates:
[2021-10-06 12:33:50.753] [info]   /jointset/ground_pelvis/pelvis_tilt
[2021-10-06 12:33:50.753] [info]   /jointset/ground_pelvis/pelvis_list
[2021-10-06 12:33:50.753] [info]   /jointset/ground_pelvis/pelvis_rotation
[2021-10-06 12:33:50.753] [info]   /jointset/ground_pelvis/pelvis_tx
[2021-10-06 12:33:50.754] [info]   /jointset/ground_pelvis/pelvis_ty
[2021-10-06 12:33:50.754] [info]   /jointset/ground_pelvis/pelvis_tz
[2021-10-06 12:33:50.754] [info]   /jointset/hip_r/hip_flexion_r
[2021-10-06 12:33:50.754] [info]   /jointset/hip_r/hip_adduction_r
[2021-10-06 12:33:50.754] [info]   /jointset/hip_r/hip_rotation_r
[2021-10-06 12:33:50.754] [info]   /jointset/knee_r/knee_angle_r
[2021-10-06 12:33:50.754] [info]   /jointset/ankle_r/ankle_angle_r
[2021-10-06 12:33:50.754] [info]   /jointset/subtalar_r/subtalar_angle_r
[2021-10-06 12:33:50.754] [info]   /jointset/mtp_r/mtp_angle_r
[2021-10-06 12:33:50.754] [info]   /jointset/hip_l/hip_flexion_l
[2021-10-06 12:33:50.754] [info]   /jointset/hip_l/hip_adduction_l
[2021-10-06 12:33:50.754] [info]   /jointset/hip_l/hip_rotation_l
[2021-10-06 12:33:50.754] [info]   /jointset/knee_l/knee_angle_l
[2021-10-06 12:33:50.754] [info]   /jointset/ankle_l/ankle_angle_l
[2021-10-06 12:33:50.754] [info]   /jointset/subtalar_l/subtalar_angle_l
[2021-10-06 12:33:50.754] [info]   /jointset/mtp_l/mtp_angle_l
[2021-10-06 12:33:50.754] [info]   /jointset/back/lumbar_extension
[2021-10-06 12:33:50.754] [info]   /jointset/back/lumbar_bending
[2021-10-06 12:33:50.754] [info]   /jointset/back/lumbar_rotation
[2021-10-06 12:33:51.061] [info] ========================================================================
[2021-10-06 12:33:51.061] [info] MocoCasADiSolver starting.
[2021-10-06 12:33:51.061] [info] Wed Oct  6 12:33:51 2021
[2021-10-06 12:33:51.061] [info] ------------------------------------------------------------------------
[2021-10-06 12:33:51.061] [cout] [info] Costs: (total: 1)
[2021-10-06 12:33:51.061] [cout] [info]   effort. MocoControlGoal, enabled: true, mode: cost, weight: 0.00100000
[2021-10-06 12:33:51.061] [cout] [info]         control: /forceset/glut_med1_l, weight: 1.0
[2021-10-06 12:33:51.061] [cout] [info]         control: /forceset/glut_med2_l, weight: 1.0
[2021-10-06 12:33:51.061] [cout] [info]         control: /forceset/glut_med3_l, weight: 1.0
[2021-10-06 12:33:51.061] [cout] [info]         control: /forceset/glut_min1_l, weight: 1.0
[2021-10-06 12:33:51.061] [cout] [info]         control: /forceset/glut_min2_l, weight: 1.0
[2021-10-06 12:33:51.061] [cout] [info]         control: /forceset/glut_min3_l, weight: 1.0
[2021-10-06 12:33:51.061] [cout] [info]         control: /forceset/semimem_l, weight: 1.0
[2021-10-06 12:33:51.061] [cout] [info]         control: /forceset/semiten_l, weight: 1.0
[2021-10-06 12:33:51.061] [cout] [info]         control: /forceset/bifemlh_l, weight: 1.0
[2021-10-06 12:33:51.062] [cout] [info]         control: /forceset/bifemsh_l, weight: 1.0
[2021-10-06 12:33:51.062] [cout] [info]         control: /forceset/sar_l, weight: 1.0
[2021-10-06 12:33:51.062] [cout] [info]         control: /forceset/add_long_l, weight: 1.0
[2021-10-06 12:33:51.062] [cout] [info]         control: /forceset/add_brev_l, weight: 1.0
[2021-10-06 12:33:51.062] [cout] [info]         control: /forceset/add_mag1_l, weight: 1.0
[2021-10-06 12:33:51.062] [cout] [info]         control: /forceset/add_mag2_l, weight: 1.0
[2021-10-06 12:33:51.062] [cout] [info]         control: /forceset/add_mag3_l, weight: 1.0
[2021-10-06 12:33:51.062] [cout] [info]         control: /forceset/tfl_l, weight: 1.0
[2021-10-06 12:33:51.062] [cout] [info]         control: /forceset/pect_l, weight: 1.0
[2021-10-06 12:33:51.062] [cout] [info]         control: /forceset/grac_l, weight: 1.0
[2021-10-06 12:33:51.062] [cout] [info]         control: /forceset/glut_max1_l, weight: 1.0
[2021-10-06 12:33:51.062] [cout] [info]         control: /forceset/glut_max2_l, weight: 1.0
[2021-10-06 12:33:51.062] [cout] [info]         control: /forceset/glut_max3_l, weight: 1.0
[2021-10-06 12:33:51.062] [cout] [info]         control: /forceset/iliacus_l, weight: 1.0
[2021-10-06 12:33:51.062] [cout] [info]         control: /forceset/psoas_l, weight: 1.0
[2021-10-06 12:33:51.062] [cout] [info]         control: /forceset/quad_fem_l, weight: 1.0
[2021-10-06 12:33:51.062] [cout] [info]         control: /forceset/gem_l, weight: 1.0
[2021-10-06 12:33:51.062] [cout] [info]         control: /forceset/peri_l, weight: 1.0
[2021-10-06 12:33:51.062] [cout] [info]         control: /forceset/rect_fem_l, weight: 1.0
[2021-10-06 12:33:51.062] [cout] [info]         control: /forceset/vas_med_l, weight: 1.0
[2021-10-06 12:33:51.062] [cout] [info]         control: /forceset/vas_int_l, weight: 1.0
[2021-10-06 12:33:51.062] [cout] [info]         control: /forceset/vas_lat_l, weight: 1.0
[2021-10-06 12:33:51.062] [cout] [info]         control: /forceset/med_gas_l, weight: 1.0
[2021-10-06 12:33:51.062] [cout] [info]         control: /forceset/lat_gas_l, weight: 1.0
[2021-10-06 12:33:51.062] [cout] [info]         control: /forceset/soleus_l, weight: 1.0
[2021-10-06 12:33:51.062] [cout] [info]         control: /forceset/tib_post_l, weight: 1.0
[2021-10-06 12:33:51.062] [cout] [info]         control: /forceset/flex_dig_l, weight: 1.0
[2021-10-06 12:33:51.062] [cout] [info]         control: /forceset/flex_hal_l, weight: 1.0
[2021-10-06 12:33:51.062] [cout] [info]         control: /forceset/tib_ant_l, weight: 1.0
[2021-10-06 12:33:51.062] [cout] [info]         control: /forceset/per_brev_l, weight: 1.0
[2021-10-06 12:33:51.062] [cout] [info]         control: /forceset/per_long_l, weight: 1.0
[2021-10-06 12:33:51.062] [cout] [info]         control: /forceset/per_tert_l, weight: 1.0
[2021-10-06 12:33:51.062] [cout] [info]         control: /forceset/ext_dig_l, weight: 1.0
[2021-10-06 12:33:51.062] [cout] [info]         control: /forceset/ext_hal_l, weight: 1.0
[2021-10-06 12:33:51.062] [cout] [info]         control: /forceset/ercspn_r, weight: 1.0
[2021-10-06 12:33:51.062] [cout] [info]         control: /forceset/ercspn_l, weight: 1.0
[2021-10-06 12:33:51.062] [cout] [info]         control: /forceset/intobl_r, weight: 1.0
[2021-10-06 12:33:51.062] [cout] [info]         control: /forceset/intobl_l, weight: 1.0
[2021-10-06 12:33:51.062] [cout] [info]         control: /forceset/extobl_r, weight: 1.0
[2021-10-06 12:33:51.062] [cout] [info]         control: /forceset/extobl_l, weight: 1.0
[2021-10-06 12:33:51.062] [cout] [info]         control: /forceset/reserve_jointset_ground_pelvis_pelvis_tilt, weight: 1.0
[2021-10-06 12:33:51.062] [cout] [info]         control: /forceset/reserve_jointset_ground_pelvis_pelvis_list, weight: 1.0
[2021-10-06 12:33:51.062] [cout] [info]         control: /forceset/reserve_jointset_ground_pelvis_pelvis_rotation, weight: 1.0
[2021-10-06 12:33:51.062] [cout] [info]         control: /forceset/reserve_jointset_ground_pelvis_pelvis_tx, weight: 1.0
[2021-10-06 12:33:51.063] [cout] [info]         control: /forceset/reserve_jointset_ground_pelvis_pelvis_ty, weight: 1.0
[2021-10-06 12:33:51.063] [cout] [info]         control: /forceset/reserve_jointset_ground_pelvis_pelvis_tz, weight: 1.0
[2021-10-06 12:33:51.063] [cout] [info]         control: /forceset/reserve_jointset_hip_r_hip_flexion_r, weight: 1.0
[2021-10-06 12:33:51.063] [cout] [info]         control: /forceset/reserve_jointset_hip_r_hip_adduction_r, weight: 1.0
[2021-10-06 12:33:51.063] [cout] [info]         control: /forceset/reserve_jointset_hip_r_hip_rotation_r, weight: 1.0
[2021-10-06 12:33:51.063] [cout] [info]         control: /forceset/reserve_jointset_knee_r_knee_angle_r, weight: 1.0
[2021-10-06 12:33:51.063] [cout] [info]         control: /forceset/reserve_jointset_ankle_r_ankle_angle_r, weight: 1.0
[2021-10-06 12:33:51.063] [cout] [info]         control: /forceset/reserve_jointset_subtalar_r_subtalar_angle_r, weight: 1.0
[2021-10-06 12:33:51.063] [cout] [info]         control: /forceset/reserve_jointset_mtp_r_mtp_angle_r, weight: 1.0
[2021-10-06 12:33:51.063] [cout] [info]         control: /forceset/reserve_jointset_hip_l_hip_flexion_l, weight: 1.0
[2021-10-06 12:33:51.063] [cout] [info]         control: /forceset/reserve_jointset_hip_l_hip_adduction_l, weight: 1.0
[2021-10-06 12:33:51.063] [cout] [info]         control: /forceset/reserve_jointset_hip_l_hip_rotation_l, weight: 1.0
[2021-10-06 12:33:51.063] [cout] [info]         control: /forceset/reserve_jointset_knee_l_knee_angle_l, weight: 1.0
[2021-10-06 12:33:51.063] [cout] [info]         control: /forceset/reserve_jointset_ankle_l_ankle_angle_l, weight: 1.0
[2021-10-06 12:33:51.063] [cout] [info]         control: /forceset/reserve_jointset_subtalar_l_subtalar_angle_l, weight: 1.0
[2021-10-06 12:33:51.063] [cout] [info]         control: /forceset/reserve_jointset_mtp_l_mtp_angle_l, weight: 1.0
[2021-10-06 12:33:51.063] [cout] [info]         control: /forceset/reserve_jointset_back_lumbar_extension, weight: 1.0
[2021-10-06 12:33:51.063] [cout] [info]         control: /forceset/reserve_jointset_back_lumbar_bending, weight: 1.0
[2021-10-06 12:33:51.063] [cout] [info]         control: /forceset/reserve_jointset_back_lumbar_rotation, weight: 1.0
[2021-10-06 12:33:51.063] [cout] [info] Endpoint constraints: none
[2021-10-06 12:33:51.063] [cout] [info] Kinematic constraints: none
[2021-10-06 12:33:51.063] [cout] [info] Path constraints: none
[2021-10-06 12:33:51.063] [cout] [info] States: (total: 95)
[2021-10-06 12:33:51.063] [cout] [info]   /jointset/ground_pelvis/pelvis_tilt/speed. bounds: [-50, 50] initial: 0 final: 0
[2021-10-06 12:33:51.063] [cout] [info]   /jointset/ground_pelvis/pelvis_list/speed. bounds: [-50, 50] initial: 0 final: 0
[2021-10-06 12:33:51.063] [cout] [info]   /jointset/ground_pelvis/pelvis_rotation/speed. bounds: [-50, 50] initial: 0 final: 0
[2021-10-06 12:33:51.063] [cout] [info]   /jointset/ground_pelvis/pelvis_tx/speed. bounds: [-50, 50] initial: 0 final: 0
[2021-10-06 12:33:51.078] [cout] [info]   /jointset/ground_pelvis/pelvis_ty/speed. bounds: [-50, 50] initial: 0 final: 0
[2021-10-06 12:33:51.078] [cout] [info]   /jointset/ground_pelvis/pelvis_tz/speed. bounds: [-50, 50] initial: 0 final: 0
[2021-10-06 12:33:51.078] [cout] [info]   /jointset/ankle_r/ankle_angle_r/speed. bounds: [-50, 50] initial: 0 final: 0
[2021-10-06 12:33:51.078] [cout] [info]   /jointset/hip_r/hip_flexion_r/speed. bounds: [-50, 50] initial: 0 final: 0
[2021-10-06 12:33:51.078] [cout] [info]   /jointset/ankle_r/ankle_angle_r/value. bounds: [-0.01, 0.01] initial: 0
[2021-10-06 12:33:51.078] [cout] [info]   /jointset/hip_r/hip_flexion_r/value. bounds: [0.51, 0.53] initial: 0.523
[2021-10-06 12:33:51.078] [cout] [info]   /jointset/hip_r/hip_adduction_r/speed. bounds: [-50, 50] initial: 0 final: 0
[2021-10-06 12:33:51.078] [cout] [info]   /jointset/hip_r/hip_rotation_r/speed. bounds: [-50, 50] initial: 0 final: 0
[2021-10-06 12:33:51.078] [cout] [info]   /jointset/ankle_l/ankle_angle_l/value. bounds: [-0.6, 0.0872665] initial: -0.6 final: 0.0872665
[2021-10-06 12:33:51.078] [cout] [info]   /jointset/knee_r/knee_angle_r/speed. bounds: [-50, 50] initial: 0 final: 0
[2021-10-06 12:33:51.079] [cout] [info]   /jointset/hip_l/hip_flexion_l/speed. bounds: [-50, 50] initial: 0 final: 0
[2021-10-06 12:33:51.079] [cout] [info]   /jointset/subtalar_r/subtalar_angle_r/speed. bounds: [-50, 50] initial: 0 final: 0
[2021-10-06 12:33:51.079] [cout] [info]   /jointset/mtp_r/mtp_angle_r/speed. bounds: [-50, 50] initial: 0 final: 0
[2021-10-06 12:33:51.079] [cout] [info]   /jointset/hip_l/hip_adduction_l/speed. bounds: [-50, 50] initial: 0 final: 0
[2021-10-06 12:33:51.079] [cout] [info]   /jointset/hip_l/hip_rotation_l/speed. bounds: [-50, 50] initial: 0 final: 0
[2021-10-06 12:33:51.079] [cout] [info]   /jointset/knee_l/knee_angle_l/speed. bounds: [-50, 50] initial: 0 final: 0
[2021-10-06 12:33:51.079] [cout] [info]   /jointset/ankle_l/ankle_angle_l/speed. bounds: [-50, 50] initial: 0 final: 0
[2021-10-06 12:33:51.079] [cout] [info]   /jointset/subtalar_l/subtalar_angle_l/speed. bounds: [-50, 50] initial: 0 final: 0
[2021-10-06 12:33:51.079] [cout] [info]   /jointset/knee_r/knee_angle_r/value. bounds: [-2.11185, -2.07694] initial: -2.0944
[2021-10-06 12:33:51.080] [cout] [info]   /jointset/mtp_l/mtp_angle_l/speed. bounds: [-50, 50] initial: 0 final: 0
[2021-10-06 12:33:51.080] [cout] [info]   /jointset/back/lumbar_extension/speed. bounds: [-50, 50] initial: 0 final: 0
[2021-10-06 12:33:51.080] [cout] [info]   /jointset/back/lumbar_bending/speed. bounds: [-50, 50] initial: 0 final: 0
[2021-10-06 12:33:51.080] [cout] [info]   /jointset/hip_r/hip_rotation_r/value. bounds: [-0.000174533, 0.000174533] initial: 0
[2021-10-06 12:33:51.080] [cout] [info]   /jointset/back/lumbar_rotation/speed. bounds: [-50, 50] initial: 0 final: 0
[2021-10-06 12:33:51.080] [cout] [info]   /forceset/glut_med1_l/activation. bounds: [0, 1] initial: 0
[2021-10-06 12:33:51.080] [cout] [info]   /forceset/glut_med2_l/activation. bounds: [0, 1] initial: 0
[2021-10-06 12:33:51.080] [cout] [info]   /forceset/glut_med3_l/activation. bounds: [0, 1] initial: 0
[2021-10-06 12:33:51.080] [cout] [info]   /forceset/glut_min1_l/activation. bounds: [0, 1] initial: 0
[2021-10-06 12:33:51.080] [cout] [info]   /forceset/glut_min2_l/activation. bounds: [0, 1] initial: 0
[2021-10-06 12:33:51.080] [cout] [info]   /forceset/glut_min3_l/activation. bounds: [0, 1] initial: 0
[2021-10-06 12:33:51.081] [cout] [info]   /forceset/semimem_l/activation. bounds: [0, 1] initial: 0
[2021-10-06 12:33:51.081] [cout] [info]   /forceset/semiten_l/activation. bounds: [0, 1] initial: 0
[2021-10-06 12:33:51.081] [cout] [info]   /forceset/bifemlh_l/activation. bounds: [0, 1] initial: 0
[2021-10-06 12:33:51.081] [cout] [info]   /forceset/bifemsh_l/activation. bounds: [0, 1] initial: 0
[2021-10-06 12:33:51.081] [cout] [info]   /forceset/sar_l/activation. bounds: [0, 1] initial: 0
[2021-10-06 12:33:51.081] [cout] [info]   /forceset/add_long_l/activation. bounds: [0, 1] initial: 0
[2021-10-06 12:33:51.081] [cout] [info]   /forceset/add_brev_l/activation. bounds: [0, 1] initial: 0
[2021-10-06 12:33:51.081] [cout] [info]   /forceset/add_mag1_l/activation. bounds: [0, 1] initial: 0
[2021-10-06 12:33:51.081] [cout] [info]   /forceset/add_mag2_l/activation. bounds: [0, 1] initial: 0
[2021-10-06 12:33:51.081] [cout] [info]   /forceset/add_mag3_l/activation. bounds: [0, 1] initial: 0
[2021-10-06 12:33:51.081] [cout] [info]   /forceset/tfl_l/activation. bounds: [0, 1] initial: 0
[2021-10-06 12:33:51.081] [cout] [info]   /forceset/pect_l/activation. bounds: [0, 1] initial: 0
[2021-10-06 12:33:51.081] [cout] [info]   /forceset/grac_l/activation. bounds: [0, 1] initial: 0
[2021-10-06 12:33:51.082] [cout] [info]   /forceset/intobl_r/activation. bounds: [0, 1] initial: 0
[2021-10-06 12:33:51.082] [cout] [info]   /forceset/glut_max1_l/activation. bounds: [0, 1] initial: 0
[2021-10-06 12:33:51.082] [cout] [info]   /forceset/glut_max2_l/activation. bounds: [0, 1] initial: 0
[2021-10-06 12:33:51.082] [cout] [info]   /forceset/glut_max3_l/activation. bounds: [0, 1] initial: 0
[2021-10-06 12:33:51.082] [cout] [info]   /forceset/iliacus_l/activation. bounds: [0, 1] initial: 0
[2021-10-06 12:33:51.082] [cout] [info]   /forceset/psoas_l/activation. bounds: [0, 1] initial: 0
[2021-10-06 12:33:51.082] [cout] [info]   /forceset/quad_fem_l/activation. bounds: [0, 1] initial: 0
[2021-10-06 12:33:51.082] [cout] [info]   /forceset/gem_l/activation. bounds: [0, 1] initial: 0
[2021-10-06 12:33:51.082] [cout] [info]   /forceset/peri_l/activation. bounds: [0, 1] initial: 0
[2021-10-06 12:33:51.082] [cout] [info]   /forceset/rect_fem_l/activation. bounds: [0, 1] initial: 0
[2021-10-06 12:33:51.082] [cout] [info]   /forceset/vas_med_l/activation. bounds: [0, 1] initial: 0
[2021-10-06 12:33:51.082] [cout] [info]   /forceset/vas_int_l/activation. bounds: [0, 1] initial: 0
[2021-10-06 12:33:51.083] [cout] [info]   /forceset/vas_lat_l/activation. bounds: [0, 1] initial: 0
[2021-10-06 12:33:51.083] [cout] [info]   /forceset/med_gas_l/activation. bounds: [0, 1] initial: 0
[2021-10-06 12:33:51.083] [cout] [info]   /forceset/lat_gas_l/activation. bounds: [0, 1] initial: 0
[2021-10-06 12:33:51.083] [cout] [info]   /forceset/soleus_l/activation. bounds: [0, 1] initial: 0
[2021-10-06 12:33:51.083] [cout] [info]   /forceset/tib_post_l/activation. bounds: [0, 1] initial: 0
[2021-10-06 12:33:51.083] [cout] [info]   /forceset/flex_dig_l/activation. bounds: [0, 1] initial: 0
[2021-10-06 12:33:51.083] [cout] [info]   /forceset/flex_hal_l/activation. bounds: [0, 1] initial: 0
[2021-10-06 12:33:51.083] [cout] [info]   /forceset/tib_ant_l/activation. bounds: [0, 1] initial: 0
[2021-10-06 12:33:51.083] [cout] [info]   /forceset/per_brev_l/activation. bounds: [0, 1] initial: 0
[2021-10-06 12:33:51.083] [cout] [info]   /forceset/per_long_l/activation. bounds: [0, 1] initial: 0
[2021-10-06 12:33:51.083] [cout] [info]   /forceset/per_tert_l/activation. bounds: [0, 1] initial: 0
[2021-10-06 12:33:51.083] [cout] [info]   /forceset/ext_dig_l/activation. bounds: [0, 1] initial: 0
[2021-10-06 12:33:51.084] [cout] [info]   /forceset/ext_hal_l/activation. bounds: [0, 1] initial: 0
[2021-10-06 12:33:51.084] [cout] [info]   /forceset/ercspn_r/activation. bounds: [0, 1] initial: 0
[2021-10-06 12:33:51.084] [cout] [info]   /forceset/ercspn_l/activation. bounds: [0, 1] initial: 0
[2021-10-06 12:33:51.084] [cout] [info]   /forceset/intobl_l/activation. bounds: [0, 1] initial: 0
[2021-10-06 12:33:51.084] [cout] [info]   /forceset/extobl_r/activation. bounds: [0, 1] initial: 0
[2021-10-06 12:33:51.084] [cout] [info]   /forceset/extobl_l/activation. bounds: [0, 1] initial: 0
[2021-10-06 12:33:51.084] [cout] [info]   /jointset/back/lumbar_extension/value. bounds: [-0.01, 0.01] initial: 0
[2021-10-06 12:33:51.084] [cout] [info]   /jointset/back/lumbar_bending/value. bounds: [-0.01, 0.01] initial: 0
[2021-10-06 12:33:51.084] [cout] [info]   /jointset/back/lumbar_rotation/value. bounds: [-0.01, 0.01] initial: 0
[2021-10-06 12:33:51.084] [cout] [info]   /jointset/ground_pelvis/pelvis_ty/value. bounds: [0.7, 1.25] initial: 1.25 final: [0.94, 0.95]
[2021-10-06 12:33:51.084] [cout] [info]   /jointset/ground_pelvis/pelvis_tx/value. bounds: [-0.01, 0.01]
[2021-10-06 12:33:51.084] [cout] [info]   /jointset/ground_pelvis/pelvis_tilt/value. bounds: [-0.01, 0.01]
[2021-10-06 12:33:51.085] [cout] [info]   /jointset/ground_pelvis/pelvis_list/value. bounds: [-0.01, 0.01] initial: 0
[2021-10-06 12:33:51.085] [cout] [info]   /jointset/ground_pelvis/pelvis_tz/value. bounds: [-0.01, 0.01] initial: 0
[2021-10-06 12:33:51.085] [cout] [info]   /jointset/ground_pelvis/pelvis_rotation/value. bounds: [-0.01, 0.01] initial: 0
[2021-10-06 12:33:51.093] [cout] [info]   /jointset/hip_r/hip_adduction_r/value. bounds: [-0.000174533, 0.000174533] initial: 0
[2021-10-06 12:33:51.093] [cout] [info]   /jointset/hip_l/hip_flexion_l/value. bounds: [0.08, 0.0872665] initial: 0.087 final: 0.0872665
[2021-10-06 12:33:51.093] [cout] [info]   /jointset/subtalar_r/subtalar_angle_r/value. bounds: [-0.01, 0.01] initial: 0
[2021-10-06 12:33:51.093] [cout] [info]   /jointset/mtp_r/mtp_angle_r/value. bounds: [-0.01, 0.01]
[2021-10-06 12:33:51.093] [cout] [info]   /jointset/knee_l/knee_angle_l/value. bounds: [-0.2, -0.15] initial: -0.2 final: -0.174533
[2021-10-06 12:33:51.093] [cout] [info]   /jointset/hip_l/hip_adduction_l/value. bounds: [-0.000174533, 0.000174533] initial: 0
[2021-10-06 12:33:51.093] [cout] [info]   /jointset/hip_l/hip_rotation_l/value. bounds: [-0.000174533, 0.000174533] initial: 0
[2021-10-06 12:33:51.093] [cout] [info]   /jointset/subtalar_l/subtalar_angle_l/value. bounds: [-0.05, 0.05]
[2021-10-06 12:33:51.093] [cout] [info]   /jointset/mtp_l/mtp_angle_l/value. bounds: [-0.1, 0.1]
[2021-10-06 12:33:51.094] [cout] [info] Controls: (total: 72)
[2021-10-06 12:33:51.094] [cout] [info]   /forceset/glut_med1_l. bounds: [0.01, 1]
[2021-10-06 12:33:51.094] [cout] [info]   /forceset/glut_med2_l. bounds: [0.01, 1]
[2021-10-06 12:33:51.094] [cout] [info]   /forceset/glut_med3_l. bounds: [0.01, 1]
[2021-10-06 12:33:51.094] [cout] [info]   /forceset/glut_min1_l. bounds: [0.01, 1]
[2021-10-06 12:33:51.094] [cout] [info]   /forceset/glut_min2_l. bounds: [0.01, 1]
[2021-10-06 12:33:51.094] [cout] [info]   /forceset/glut_min3_l. bounds: [0.01, 1]
[2021-10-06 12:33:51.094] [cout] [info]   /forceset/semimem_l. bounds: [0.01, 1]
[2021-10-06 12:33:51.094] [cout] [info]   /forceset/semiten_l. bounds: [0.01, 1]
[2021-10-06 12:33:51.094] [cout] [info]   /forceset/bifemlh_l. bounds: [0.01, 1]
[2021-10-06 12:33:51.094] [cout] [info]   /forceset/bifemsh_l. bounds: [0.01, 1]
[2021-10-06 12:33:51.094] [cout] [info]   /forceset/sar_l. bounds: [0.01, 1]
[2021-10-06 12:33:51.094] [cout] [info]   /forceset/reserve_jointset_mtp_l_mtp_angle_l. bounds: [-inf, inf]
[2021-10-06 12:33:51.095] [cout] [info]   /forceset/add_long_l. bounds: [0.01, 1]
[2021-10-06 12:33:51.095] [cout] [info]   /forceset/add_brev_l. bounds: [0.01, 1]
[2021-10-06 12:33:51.095] [cout] [info]   /forceset/add_mag1_l. bounds: [0.01, 1]
[2021-10-06 12:33:51.095] [cout] [info]   /forceset/add_mag2_l. bounds: [0.01, 1]
[2021-10-06 12:33:51.095] [cout] [info]   /forceset/reserve_jointset_hip_r_hip_adduction_r. bounds: [-inf, inf]
[2021-10-06 12:33:51.095] [cout] [info]   /forceset/add_mag3_l. bounds: [0.01, 1]
[2021-10-06 12:33:51.095] [cout] [info]   /forceset/tfl_l. bounds: [0.01, 1]
[2021-10-06 12:33:51.095] [cout] [info]   /forceset/pect_l. bounds: [0.01, 1]
[2021-10-06 12:33:51.095] [cout] [info]   /forceset/grac_l. bounds: [0.01, 1]
[2021-10-06 12:33:51.095] [cout] [info]   /forceset/intobl_r. bounds: [0.01, 1]
[2021-10-06 12:33:51.095] [cout] [info]   /forceset/glut_max1_l. bounds: [0.01, 1]
[2021-10-06 12:33:51.095] [cout] [info]   /forceset/glut_max2_l. bounds: [0.01, 1]
[2021-10-06 12:33:51.096] [cout] [info]   /forceset/glut_max3_l. bounds: [0.01, 1]
[2021-10-06 12:33:51.096] [cout] [info]   /forceset/iliacus_l. bounds: [0.01, 1]
[2021-10-06 12:33:51.096] [cout] [info]   /forceset/psoas_l. bounds: [0.01, 1]
[2021-10-06 12:33:51.096] [cout] [info]   /forceset/quad_fem_l. bounds: [0.01, 1]
[2021-10-06 12:33:51.096] [cout] [info]   /forceset/gem_l. bounds: [0.01, 1]
[2021-10-06 12:33:51.096] [cout] [info]   /forceset/peri_l. bounds: [0.01, 1]
[2021-10-06 12:33:51.096] [cout] [info]   /forceset/rect_fem_l. bounds: [0.01, 1]
[2021-10-06 12:33:51.096] [cout] [info]   /forceset/vas_med_l. bounds: [0.01, 1]
[2021-10-06 12:33:51.096] [cout] [info]   /forceset/vas_int_l. bounds: [0.01, 1]
[2021-10-06 12:33:51.096] [cout] [info]   /forceset/vas_lat_l. bounds: [0.01, 1]
[2021-10-06 12:33:51.096] [cout] [info]   /forceset/med_gas_l. bounds: [0.01, 1]
[2021-10-06 12:33:51.096] [cout] [info]   /forceset/lat_gas_l. bounds: [0.01, 1]
[2021-10-06 12:33:51.096] [cout] [info]   /forceset/soleus_l. bounds: [0.01, 1]
[2021-10-06 12:33:51.097] [cout] [info]   /forceset/tib_post_l. bounds: [0.01, 1]
[2021-10-06 12:33:51.097] [cout] [info]   /forceset/flex_dig_l. bounds: [0.01, 1]
[2021-10-06 12:33:51.097] [cout] [info]   /forceset/flex_hal_l. bounds: [0.01, 1]
[2021-10-06 12:33:51.097] [cout] [info]   /forceset/tib_ant_l. bounds: [0.01, 1]
[2021-10-06 12:33:51.097] [cout] [info]   /forceset/per_brev_l. bounds: [0.01, 1]
[2021-10-06 12:33:51.097] [cout] [info]   /forceset/per_long_l. bounds: [0.01, 1]
[2021-10-06 12:33:51.097] [cout] [info]   /forceset/per_tert_l. bounds: [0.01, 1]
[2021-10-06 12:33:51.097] [cout] [info]   /forceset/ext_dig_l. bounds: [0.01, 1]
[2021-10-06 12:33:51.097] [cout] [info]   /forceset/ext_hal_l. bounds: [0.01, 1]
[2021-10-06 12:33:51.097] [cout] [info]   /forceset/ercspn_r. bounds: [0.01, 1]
[2021-10-06 12:33:51.097] [cout] [info]   /forceset/ercspn_l. bounds: [0.01, 1]
[2021-10-06 12:33:51.097] [cout] [info]   /forceset/intobl_l. bounds: [0.01, 1]
[2021-10-06 12:33:51.097] [cout] [info]   /forceset/extobl_r. bounds: [0.01, 1]
[2021-10-06 12:33:51.098] [cout] [info]   /forceset/extobl_l. bounds: [0.01, 1]
[2021-10-06 12:33:51.098] [cout] [info]   /forceset/reserve_jointset_ground_pelvis_pelvis_tilt. bounds: [-inf, inf]
[2021-10-06 12:33:51.098] [cout] [info]   /forceset/reserve_jointset_ground_pelvis_pelvis_list. bounds: [-inf, inf]
[2021-10-06 12:33:51.098] [cout] [info]   /forceset/reserve_jointset_ground_pelvis_pelvis_rotation. bounds: [-inf, inf]
[2021-10-06 12:33:51.098] [cout] [info]   /forceset/reserve_jointset_ground_pelvis_pelvis_tx. bounds: [-inf, inf]
[2021-10-06 12:33:51.098] [cout] [info]   /forceset/reserve_jointset_hip_r_hip_flexion_r. bounds: [-inf, inf]
[2021-10-06 12:33:51.098] [cout] [info]   /forceset/reserve_jointset_ground_pelvis_pelvis_ty. bounds: [-inf, inf]
[2021-10-06 12:33:51.098] [cout] [info]   /forceset/reserve_jointset_ground_pelvis_pelvis_tz. bounds: [-inf, inf]
[2021-10-06 12:33:51.098] [cout] [info]   /forceset/reserve_jointset_hip_r_hip_rotation_r. bounds: [-inf, inf]
[2021-10-06 12:33:51.098] [cout] [info]   /forceset/reserve_jointset_knee_r_knee_angle_r. bounds: [-inf, inf]
[2021-10-06 12:33:51.098] [cout] [info]   /forceset/reserve_jointset_ankle_r_ankle_angle_r. bounds: [-inf, inf]
[2021-10-06 12:33:51.098] [cout] [info]   /forceset/reserve_jointset_subtalar_r_subtalar_angle_r. bounds: [-inf, inf]
[2021-10-06 12:33:51.098] [cout] [info]   /forceset/reserve_jointset_mtp_r_mtp_angle_r. bounds: [-inf, inf]
[2021-10-06 12:33:51.098] [cout] [info]   /forceset/reserve_jointset_hip_l_hip_flexion_l. bounds: [-inf, inf]
[2021-10-06 12:33:51.099] [cout] [info]   /forceset/reserve_jointset_hip_l_hip_adduction_l. bounds: [-inf, inf]
[2021-10-06 12:33:51.099] [cout] [info]   /forceset/reserve_jointset_hip_l_hip_rotation_l. bounds: [-inf, inf]
[2021-10-06 12:33:51.099] [cout] [info]   /forceset/reserve_jointset_knee_l_knee_angle_l. bounds: [-inf, inf]
[2021-10-06 12:33:51.099] [cout] [info]   /forceset/reserve_jointset_ankle_l_ankle_angle_l. bounds: [-inf, inf]
[2021-10-06 12:33:51.099] [cout] [info]   /forceset/reserve_jointset_subtalar_l_subtalar_angle_l. bounds: [-inf, inf]
[2021-10-06 12:33:51.099] [cout] [info]   /forceset/reserve_jointset_back_lumbar_extension. bounds: [-inf, inf]
[2021-10-06 12:33:51.099] [cout] [info]   /forceset/reserve_jointset_back_lumbar_bending. bounds: [-inf, inf]
[2021-10-06 12:33:51.099] [cout] [info]   /forceset/reserve_jointset_back_lumbar_rotation. bounds: [-inf, inf]
[2021-10-06 12:33:51.099] [cout] [info] Parameters: none
[2021-10-06 12:33:51.606] [info] Number of threads: 8
